This is pdfTeX, Version 3.141592653-2.6-1.40.25 (TeX Live 2023) (preloaded format=pdflatex 2023.10.18)  20 OCT 2024 19:57
entering extended mode
 restricted \write18 enabled.
 %&-line parsing enabled.
**main.tex
(./main.tex
LaTeX2e <2023-06-01> patch level 1
L3 programming layer <2023-10-10>
(/Users/olivia/Library/TinyTeX/texmf-dist/tex/latex/base/article.cls
Document Class: article 2023/05/17 v1.4n Standard LaTeX document class
(/Users/olivia/Library/TinyTeX/texmf-dist/tex/latex/base/size10.clo
File: size10.clo 2023/05/17 v1.4n Standard LaTeX file (size option)
)
\c@part=\count185
\c@section=\count186
\c@subsection=\count187
\c@subsubsection=\count188
\c@paragraph=\count189
\c@subparagraph=\count190
\c@figure=\count191
\c@table=\count192
\abovecaptionskip=\skip48
\belowcaptionskip=\skip49
\bibindent=\dimen140
) (/Users/olivia/Library/TinyTeX/texmf-dist/tex/latex/geometry/geometry.sty
Package: geometry 2020/01/02 v5.9 Page Geometry
 (/Users/olivia/Library/TinyTeX/texmf-dist/tex/latex/graphics/keyval.sty
Package: keyval 2022/05/29 v1.15 key=value parser (DPC)
\KV@toks@=\toks17
) (/Users/olivia/Library/TinyTeX/texmf-dist/tex/generic/iftex/ifvtex.sty
Package: ifvtex 2019/10/25 v1.7 ifvtex legacy package. Use iftex instead.
 (/Users/olivia/Library/TinyTeX/texmf-dist/tex/generic/iftex/iftex.sty
Package: iftex 2022/02/03 v1.0f TeX engine tests
))
\Gm@cnth=\count193
\Gm@cntv=\count194
\c@Gm@tempcnt=\count195
\Gm@bindingoffset=\dimen141
\Gm@wd@mp=\dimen142
\Gm@odd@mp=\dimen143
\Gm@even@mp=\dimen144
\Gm@layoutwidth=\dimen145
\Gm@layoutheight=\dimen146
\Gm@layouthoffset=\dimen147
\Gm@layoutvoffset=\dimen148
\Gm@dimlist=\toks18
) (/Users/olivia/Library/TinyTeX/texmf-dist/tex/latex/graphics/graphicx.sty
Package: graphicx 2021/09/16 v1.2d Enhanced LaTeX Graphics (DPC,SPQR)
 (/Users/olivia/Library/TinyTeX/texmf-dist/tex/latex/graphics/graphics.sty
Package: graphics 2022/03/10 v1.4e Standard LaTeX Graphics (DPC,SPQR)
 (/Users/olivia/Library/TinyTeX/texmf-dist/tex/latex/graphics/trig.sty
Package: trig 2021/08/11 v1.11 sin cos tan (DPC)
) (/Users/olivia/Library/TinyTeX/texmf-dist/tex/latex/graphics-cfg/graphics.cfg
File: graphics.cfg 2016/06/04 v1.11 sample graphics configuration
)
Package graphics Info: Driver file: pdftex.def on input line 107.
 (/Users/olivia/Library/TinyTeX/texmf-dist/tex/latex/graphics-def/pdftex.def
File: pdftex.def 2022/09/22 v1.2b Graphics/color driver for pdftex
))
\Gin@req@height=\dimen149
\Gin@req@width=\dimen150
) (/Users/olivia/Library/TinyTeX/texmf-dist/tex/latex/booktabs/booktabs.sty
Package: booktabs 2020/01/12 v1.61803398 Publication quality tables
\heavyrulewidth=\dimen151
\lightrulewidth=\dimen152
\cmidrulewidth=\dimen153
\belowrulesep=\dimen154
\belowbottomsep=\dimen155
\aboverulesep=\dimen156
\abovetopsep=\dimen157
\cmidrulesep=\dimen158
\cmidrulekern=\dimen159
\defaultaddspace=\dimen160
\@cmidla=\count196
\@cmidlb=\count197
\@aboverulesep=\dimen161
\@belowrulesep=\dimen162
\@thisruleclass=\count198
\@lastruleclass=\count199
\@thisrulewidth=\dimen163
) (/Users/olivia/Library/TinyTeX/texmf-dist/tex/latex/float/float.sty
Package: float 2001/11/08 v1.3d Float enhancements (AL)
\c@float@type=\count266
\float@exts=\toks19
\float@box=\box51
\@float@everytoks=\toks20
\@floatcapt=\box52
) (/Users/olivia/Library/TinyTeX/texmf-dist/tex/latex/hyperref/hyperref.sty
Package: hyperref 2023-07-08 v7.01b Hypertext links for LaTeX
 (/Users/olivia/Library/TinyTeX/texmf-dist/tex/generic/ltxcmds/ltxcmds.sty
Package: ltxcmds 2020-05-10 v1.25 LaTeX kernel commands for general use (HO)
) (/Users/olivia/Library/TinyTeX/texmf-dist/tex/generic/pdftexcmds/pdftexcmds.sty
Package: pdftexcmds 2020-06-27 v0.33 Utility functions of pdfTeX for LuaTeX (HO)
 (/Users/olivia/Library/TinyTeX/texmf-dist/tex/generic/infwarerr/infwarerr.sty
Package: infwarerr 2019/12/03 v1.5 Providing info/warning/error messages (HO)
)
Package pdftexcmds Info: \pdf@primitive is available.
Package pdftexcmds Info: \pdf@ifprimitive is available.
Package pdftexcmds Info: \pdfdraftmode found.
) (/Users/olivia/Library/TinyTeX/texmf-dist/tex/latex/kvsetkeys/kvsetkeys.sty
Package: kvsetkeys 2022-10-05 v1.19 Key value parser (HO)
) (/Users/olivia/Library/TinyTeX/texmf-dist/tex/generic/kvdefinekeys/kvdefinekeys.sty
Package: kvdefinekeys 2019-12-19 v1.6 Define keys (HO)
) (/Users/olivia/Library/TinyTeX/texmf-dist/tex/generic/pdfescape/pdfescape.sty
Package: pdfescape 2019/12/09 v1.15 Implements pdfTeX's escape features (HO)
) (/Users/olivia/Library/TinyTeX/texmf-dist/tex/latex/hycolor/hycolor.sty
Package: hycolor 2020-01-27 v1.10 Color options for hyperref/bookmark (HO)
) (/Users/olivia/Library/TinyTeX/texmf-dist/tex/latex/letltxmacro/letltxmacro.sty
Package: letltxmacro 2019/12/03 v1.6 Let assignment for LaTeX macros (HO)
) (/Users/olivia/Library/TinyTeX/texmf-dist/tex/latex/auxhook/auxhook.sty
Package: auxhook 2019-12-17 v1.6 Hooks for auxiliary files (HO)
) (/Users/olivia/Library/TinyTeX/texmf-dist/tex/latex/hyperref/nameref.sty
Package: nameref 2023-08-07 v2.53 Cross-referencing by name of section
 (/Users/olivia/Library/TinyTeX/texmf-dist/tex/latex/refcount/refcount.sty
Package: refcount 2019/12/15 v3.6 Data extraction from label references (HO)
) (/Users/olivia/Library/TinyTeX/texmf-dist/tex/generic/gettitlestring/gettitlestring.sty
Package: gettitlestring 2019/12/15 v1.6 Cleanup title references (HO)
 (/Users/olivia/Library/TinyTeX/texmf-dist/tex/latex/kvoptions/kvoptions.sty
Package: kvoptions 2022-06-15 v3.15 Key value format for package options (HO)
))
\c@section@level=\count267
) (/Users/olivia/Library/TinyTeX/texmf-dist/tex/latex/etoolbox/etoolbox.sty
Package: etoolbox 2020/10/05 v2.5k e-TeX tools for LaTeX (JAW)
\etb@tempcnta=\count268
)
\@linkdim=\dimen164
\Hy@linkcounter=\count269
\Hy@pagecounter=\count270
 (/Users/olivia/Library/TinyTeX/texmf-dist/tex/latex/hyperref/pd1enc.def
File: pd1enc.def 2023-07-08 v7.01b Hyperref: PDFDocEncoding definition (HO)
Now handling font encoding PD1 ...
... no UTF-8 mapping file for font encoding PD1
) (/Users/olivia/Library/TinyTeX/texmf-dist/tex/generic/intcalc/intcalc.sty
Package: intcalc 2019/12/15 v1.3 Expandable calculations with integers (HO)
)
\Hy@SavedSpaceFactor=\count271
 (/Users/olivia/Library/TinyTeX/texmf-dist/tex/latex/hyperref/puenc.def
File: puenc.def 2023-07-08 v7.01b Hyperref: PDF Unicode definition (HO)
Now handling font encoding PU ...
... no UTF-8 mapping file for font encoding PU
)
Package hyperref Info: Option `colorlinks' set `true' on input line 4050.
Package hyperref Info: Hyper figures OFF on input line 4167.
Package hyperref Info: Link nesting OFF on input line 4172.
Package hyperref Info: Hyper index ON on input line 4175.
Package hyperref Info: Plain pages OFF on input line 4182.
Package hyperref Info: Backreferencing OFF on input line 4187.
Package hyperref Info: Implicit mode ON; LaTeX internals redefined.
Package hyperref Info: Bookmarks ON on input line 4434.
\c@Hy@tempcnt=\count272
 (/Users/olivia/Library/TinyTeX/texmf-dist/tex/latex/url/url.sty
\Urlmuskip=\muskip16
Package: url 2013/09/16  ver 3.4  Verb mode for urls, etc.
)
LaTeX Info: Redefining \url on input line 4772.
\XeTeXLinkMargin=\dimen165
 (/Users/olivia/Library/TinyTeX/texmf-dist/tex/generic/bitset/bitset.sty
Package: bitset 2019/12/09 v1.3 Handle bit-vector datatype (HO)
 (/Users/olivia/Library/TinyTeX/texmf-dist/tex/generic/bigintcalc/bigintcalc.sty
Package: bigintcalc 2019/12/15 v1.5 Expandable calculations on big integers (HO)
))
\Fld@menulength=\count273
\Field@Width=\dimen166
\Fld@charsize=\dimen167
Package hyperref Info: Hyper figures OFF on input line 6051.
Package hyperref Info: Link nesting OFF on input line 6056.
Package hyperref Info: Hyper index ON on input line 6059.
Package hyperref Info: backreferencing OFF on input line 6066.
Package hyperref Info: Link coloring ON on input line 6069.
Package hyperref Info: Link coloring with OCG OFF on input line 6076.
Package hyperref Info: PDF/A mode OFF on input line 6081.
 (/Users/olivia/Library/TinyTeX/texmf-dist/tex/latex/base/atbegshi-ltx.sty
Package: atbegshi-ltx 2021/01/10 v1.0c Emulation of the original atbegshi
package with kernel methods
)
\Hy@abspage=\count274
\c@Item=\count275
\c@Hfootnote=\count276
)
Package hyperref Info: Driver (autodetected): hpdftex.
 (/Users/olivia/Library/TinyTeX/texmf-dist/tex/latex/hyperref/hpdftex.def
File: hpdftex.def 2023-07-08 v7.01b Hyperref driver for pdfTeX
 (/Users/olivia/Library/TinyTeX/texmf-dist/tex/latex/base/atveryend-ltx.sty
Package: atveryend-ltx 2020/08/19 v1.0a Emulation of the original atveryend package
with kernel methods
)
\Fld@listcount=\count277
\c@bookmark@seq@number=\count278
 (/Users/olivia/Library/TinyTeX/texmf-dist/tex/latex/rerunfilecheck/rerunfilecheck.sty
Package: rerunfilecheck 2022-07-10 v1.10 Rerun checks for auxiliary files (HO)
 (/Users/olivia/Library/TinyTeX/texmf-dist/tex/generic/uniquecounter/uniquecounter.sty
Package: uniquecounter 2019/12/15 v1.4 Provide unlimited unique counter (HO)
)
Package uniquecounter Info: New unique counter `rerunfilecheck' on input line 285.
)
\Hy@SectionHShift=\skip50
)

! LaTeX Error: File `caption.sty' not found.

Type X to quit or <RETURN> to proceed,
or enter new name. (Default extension: sty)

Enter file name: 
(/Users/olivia/Library/TinyTeX/texmf-dist/tex/latex/l3backend/l3backend-pdftex.def
File: l3backend-pdftex.def 2023-10-10 L3 backend support: PDF output (pdfTeX)
\l__color_backend_stack_int=\count279
\l__pdf_internal_box=\box53
) (./main.aux

LaTeX Warning: Label `tab:parameters' multiply defined.


LaTeX Warning: Label `tab:parameters' multiply defined.

)
\openout1 = `main.aux'.

LaTeX Font Info:    Checking defaults for OML/cmm/m/it on input line 14.
LaTeX Font Info:    ... okay on input line 14.
LaTeX Font Info:    Checking defaults for OMS/cmsy/m/n on input line 14.
LaTeX Font Info:    ... okay on input line 14.
LaTeX Font Info:    Checking defaults for OT1/cmr/m/n on input line 14.
LaTeX Font Info:    ... okay on input line 14.
LaTeX Font Info:    Checking defaults for T1/cmr/m/n on input line 14.
LaTeX Font Info:    ... okay on input line 14.
LaTeX Font Info:    Checking defaults for TS1/cmr/m/n on input line 14.
LaTeX Font Info:    ... okay on input line 14.
LaTeX Font Info:    Checking defaults for OMX/cmex/m/n on input line 14.
LaTeX Font Info:    ... okay on input line 14.
LaTeX Font Info:    Checking defaults for U/cmr/m/n on input line 14.
LaTeX Font Info:    ... okay on input line 14.
LaTeX Font Info:    Checking defaults for PD1/pdf/m/n on input line 14.
LaTeX Font Info:    ... okay on input line 14.
LaTeX Font Info:    Checking defaults for PU/pdf/m/n on input line 14.
LaTeX Font Info:    ... okay on input line 14.

*geometry* driver: auto-detecting
*geometry* detected driver: pdftex
*geometry* verbose mode - [ preamble ] result:
* driver: pdftex
* paper: letterpaper
* layout: <same size as paper>
* layoutoffset:(h,v)=(0.0pt,0.0pt)
* modes: 
* h-part:(L,W,R)=(56.9055pt, 500.484pt, 56.9055pt)
* v-part:(T,H,B)=(42.67912pt, 709.61174pt, 42.67912pt)
* \paperwidth=614.295pt
* \paperheight=794.96999pt
* \textwidth=500.484pt
* \textheight=709.61174pt
* \oddsidemargin=-15.36449pt
* \evensidemargin=-15.36449pt
* \topmargin=-66.59087pt
* \headheight=12.0pt
* \headsep=25.0pt
* \topskip=10.0pt
* \footskip=30.0pt
* \marginparwidth=49.79231pt
* \marginparsep=11.0pt
* \columnsep=10.0pt
* \skip\footins=9.0pt plus 4.0pt minus 2.0pt
* \hoffset=0.0pt
* \voffset=0.0pt
* \mag=1000
* \@twocolumnfalse
* \@twosidefalse
* \@mparswitchfalse
* \@reversemarginfalse
* (1in=72.27pt=25.4mm, 1cm=28.453pt)

(/Users/olivia/Library/TinyTeX/texmf-dist/tex/latex/epstopdf-pkg/epstopdf-base.sty
Package: epstopdf-base 2020-01-24 v2.11 Base part for package epstopdf
Package epstopdf-base Info: Redefining graphics rule for `.eps' on input line 485.
 (/Users/olivia/Library/TinyTeX/texmf-dist/tex/latex/latexconfig/epstopdf-sys.cfg
File: epstopdf-sys.cfg 2010/07/13 v1.3 Configuration of (r)epstopdf for TeX Live
)) (/Users/olivia/Library/TinyTeX/texmf-dist/tex/latex/graphics/color.sty
Package: color 2022/01/06 v1.3d Standard LaTeX Color (DPC)
 (/Users/olivia/Library/TinyTeX/texmf-dist/tex/latex/graphics-cfg/color.cfg
File: color.cfg 2016/01/02 v1.6 sample color configuration
)
Package color Info: Driver file: pdftex.def on input line 149.
 (/Users/olivia/Library/TinyTeX/texmf-dist/tex/latex/graphics/mathcolor.ltx))
Package hyperref Info: Link coloring ON on input line 14.
 (./main.out) (./main.out)
\@outlinefile=\write3
\openout3 = `main.out'.

LaTeX Font Info:    External font `cmex10' loaded for size
(Font)              <12> on input line 16.
LaTeX Font Info:    External font `cmex10' loaded for size
(Font)              <8> on input line 16.
LaTeX Font Info:    External font `cmex10' loaded for size
(Font)              <6> on input line 16.
</Users/olivia/Documents/Fall 2024/MCB 580/MCB580_Challenge2/report/negative_feedback.png, id=47, 736.7525pt x 705.63625pt>
File: /Users/olivia/Documents/Fall 2024/MCB 580/MCB580_Challenge2/report/negative_feedback.png Graphic file (type png)
<use /Users/olivia/Documents/Fall 2024/MCB 580/MCB580_Challenge2/report/negative_feedback.png>
Package pdftex.def Info: /Users/olivia/Documents/Fall 2024/MCB 580/MCB580_Challenge2/report/negative_feedback.png  used on input line 28.
(pdftex.def)             Requested size: 350.33727pt x 335.53601pt.
 [1

{/Users/olivia/Library/TinyTeX/texmf-var/fonts/map/pdftex/updmap/pdftex.map}]
LaTeX Font Info:    External font `cmex10' loaded for size
(Font)              <7> on input line 35.
LaTeX Font Info:    External font `cmex10' loaded for size
(Font)              <5> on input line 35.

! Missing $ inserted.
<inserted text> 
                $
l.43 ...{\max}\) is the maximum rate (\textit{k__}
                                                   * concentration(s) that a...
? 
! Missing { inserted.
<to be read again> 
                   _
l.43 ...{\max}\) is the maximum rate (\textit{k__}
                                                   * concentration(s) that a...
? 
! Missing { inserted.
<to be read again> 
                   \aftergroup 
l.43 ...{\max}\) is the maximum rate (\textit{k__}
                                                   * concentration(s) that a...
? 

! LaTeX Error: Command \item invalid in math mode.

See the LaTeX manual or LaTeX Companion for explanation.
Type  H <return>  for immediate help.
 ...                                              
                                                  
l.44     \item
               \([S]\) is the substrate concentration,
? 

! LaTeX Error: Something's wrong--perhaps a missing \item.

See the LaTeX manual or LaTeX Companion for explanation.
Type  H <return>  for immediate help.
 ...                                              
                                                  
l.44     \item \(
                 [S]\) is the substrate concentration,
? 

! LaTeX Error: Something's wrong--perhaps a missing \item.

See the LaTeX manual or LaTeX Companion for explanation.
Type  H <return>  for immediate help.
 ...                                              
                                                  
l.44     \item \(
                 [S]\) is the substrate concentration,
? 

! LaTeX Error: Bad math environment delimiter.

See the LaTeX manual or LaTeX Companion for explanation.
Type  H <return>  for immediate help.
 ...                                              
                                                  
l.44     \item \(
                 [S]\) is the substrate concentration,
? 
! Missing } inserted.
<inserted text> 
                }
l.44     \item \([S]\)
                       is the substrate concentration,
? 
! Missing } inserted.
<inserted text> 
                }
l.46 \end{itemize}
                  
? 

Underfull \hbox (badness 10000) in paragraph at lines 50--52

 []

! Undefined control sequence.
l.56 \text
          {I} \cdot k_{ia} \cdot \frac{(1 - A)}{(1 - A) + K_{ia}}
? 
! Undefined control sequence.
l.62     \item \(\text
                      {I}\) is the strength of the input signal,
? 
[2 </Users/olivia/Documents/Fall 2024/MCB 580/MCB580_Challenge2/report/negative_feedback.png>]

! LaTeX Error: There's no line here to end.

See the LaTeX manual or LaTeX Companion for explanation.
Type  H <return>  for immediate help.
 ...                                              
                                                  
l.68 2
      . Describes the degradation of A
? 

Underfull \hbox (badness 10000) in paragraph at lines 84--88

 []

! Undefined control sequence.
l.89 \frac{dA}{dt} = \text
                          {I} \cdot k_{ia} \cdot \frac{(1 - A)}{(1 - A) + K_...
? 

Underfull \hbox (badness 10000) in paragraph at lines 106--110

 []

! Undefined control sequence.
l.111 \frac{dA}{dt} = \text
                           {I} \cdot k_{ia} \cdot \frac{(1 - A)}{(1 - A) + K...
? 

Underfull \hbox (badness 10000) in paragraph at lines 117--119

 []


Underfull \hbox (badness 10000) in paragraph at lines 120--124

 []


Underfull \hbox (badness 10000) in paragraph at lines 128--132

 []

[3]
</Users/olivia/Documents/Fall 2024/MCB 580/MCB580_Challenge2/report/negative_feedback_add_D.png, id=77, 908.39375pt x 641.39626pt>
File: /Users/olivia/Documents/Fall 2024/MCB 580/MCB580_Challenge2/report/negative_feedback_add_D.png Graphic file (type png)
<use /Users/olivia/Documents/Fall 2024/MCB 580/MCB580_Challenge2/report/negative_feedback_add_D.png>
Package pdftex.def Info: /Users/olivia/Documents/Fall 2024/MCB 580/MCB580_Challenge2/report/negative_feedback_add_D.png  used on input line 140.
(pdftex.def)             Requested size: 350.33727pt x 247.36404pt.

! Undefined control sequence.
<argument> ...ces NFLBN + Additional Node \textid 
                                                  {D}: New components of the...
l.141 ... loop between \textit{C} and \textit{D}.}
                                                  
? 
! Undefined control sequence.
<argument> ...x }}NFLBN + Additional Node \textid 
                                                  {D}: New components of the...
l.141 ... loop between \textit{C} and \textit{D}.}
                                                  
? 
! Undefined control sequence.
<argument> ...x }}NFLBN + Additional Node \textid 
                                                  {D}: New components of the...
l.141 ... loop between \textit{C} and \textit{D}.}
                                                  
? 
</Users/olivia/Documents/Fall 2024/MCB 580/MCB580_Challenge2/report/negative_feedback_add_D_and_A_regulates_B.png, id=78, 923.45pt x 677.53125pt>
File: /Users/olivia/Documents/Fall 2024/MCB 580/MCB580_Challenge2/report/negative_feedback_add_D_and_A_regulates_B.png Graphic file (type png)
<use /Users/olivia/Documents/Fall 2024/MCB 580/MCB580_Challenge2/report/negative_feedback_add_D_and_A_regulates_B.png>
Package pdftex.def Info: /Users/olivia/Documents/Fall 2024/MCB 580/MCB580_Challenge2/report/negative_feedback_add_D_and_A_regulates_B.png  used on input line 151.
(pdftex.def)             Requested size: 350.33727pt x 257.04068pt.
! Undefined control sequence.
<argument> ...ces NFLBN + Additional Node \textid 
                                                  {D}: New components of the...
l.152 ...ips is \textit{A} inhibiting \textit{B}.}
                                                  
? 
! Undefined control sequence.
<argument> ...x }}NFLBN + Additional Node \textid 
                                                  {D}: New components of the...
l.152 ...ips is \textit{A} inhibiting \textit{B}.}
                                                  
? 
! Undefined control sequence.
<argument> ...x }}NFLBN + Additional Node \textid 
                                                  {D}: New components of the...
l.152 ...ips is \textit{A} inhibiting \textit{B}.}
                                                  
? 
[4 </Users/olivia/Documents/Fall 2024/MCB 580/MCB580_Challenge2/report/negative_feedback_add_D.png>]
Underfull \hbox (badness 10000) in paragraph at lines 156--158

 []


! LaTeX Error: There's no line here to end.

See the LaTeX manual or LaTeX Companion for explanation.
Type  H <return>  for immediate help.
 ...                                              
                                                  
l.162 \\
        
? 

! LaTeX Error: There's no line here to end.

See the LaTeX manual or LaTeX Companion for explanation.
Type  H <return>  for immediate help.
 ...                                              
                                                  
l.163 \\
        
? 

! LaTeX Error: There's no line here to end.

See the LaTeX manual or LaTeX Companion for explanation.
Type  H <return>  for immediate help.
 ...                                              
                                                  
l.164 T
       his gives the following equation for \textit{B}:
? 

! LaTeX Error: There's no line here to end.

See the LaTeX manual or LaTeX Companion for explanation.
Type  H <return>  for immediate help.
 ...                                              
                                                  
l.167 \[
        
? 

Underfull \hbox (badness 10000) in paragraph at lines 169--172

 []


Underfull \hbox (badness 10000) in paragraph at lines 169--172

 []


Underfull \hbox (badness 10000) in paragraph at lines 173--177

 []

! Undefined control sequence.
l.178 \frac{dA}{dt} = \text
                           {I} \cdot k_{ia} \cdot \frac{(1 - A)}{(1 - A) + K...
? 

Underfull \hbox (badness 10000) in paragraph at lines 194--196

 []

[5 </Users/olivia/Documents/Fall 2024/MCB 580/MCB580_Challenge2/report/negative_feedback_add_D_and_A_regulates_B.png>]
</Users/olivia/Documents/Fall 2024/MCB 580/MCB580_Challenge2/report/ParameterSweepExample.pdf, id=92, 963.6pt x 542.025pt>
File: /Users/olivia/Documents/Fall 2024/MCB 580/MCB580_Challenge2/report/ParameterSweepExample.pdf Graphic file (type pdf)
<use /Users/olivia/Documents/Fall 2024/MCB 580/MCB580_Challenge2/report/ParameterSweepExample.pdf>
Package pdftex.def Info: /Users/olivia/Documents/Fall 2024/MCB 580/MCB580_Challenge2/report/ParameterSweepExample.pdf  used on input line 205.
(pdftex.def)             Requested size: 350.33727pt x 197.06416pt.
</Users/olivia/Documents/Fall 2024/MCB 580/MCB580_Challenge2/results/negative_basic_model.pdf, id=93, 722.7pt x 433.62pt>
File: /Users/olivia/Documents/Fall 2024/MCB 580/MCB580_Challenge2/results/negative_basic_model.pdf Graphic file (type pdf)
<use /Users/olivia/Documents/Fall 2024/MCB 580/MCB580_Challenge2/results/negative_basic_model.pdf>
Package pdftex.def Info: /Users/olivia/Documents/Fall 2024/MCB 580/MCB580_Challenge2/results/negative_basic_model.pdf  used on input line 240.
(pdftex.def)             Requested size: 350.33727pt x 210.19958pt.
 [6 </Users/olivia/Documents/Fall 2024/MCB 580/MCB580_Challenge2/report/ParameterSweepExample.pdf>]
</Users/olivia/Documents/Fall 2024/MCB 580/MCB580_Challenge2/results/negative_add_D_model.pdf, id=105, 722.7pt x 433.62pt>
File: /Users/olivia/Documents/Fall 2024/MCB 580/MCB580_Challenge2/results/negative_add_D_model.pdf Graphic file (type pdf)
<use /Users/olivia/Documents/Fall 2024/MCB 580/MCB580_Challenge2/results/negative_add_D_model.pdf>
Package pdftex.def Info: /Users/olivia/Documents/Fall 2024/MCB 580/MCB580_Challenge2/results/negative_add_D_model.pdf  used on input line 251.
(pdftex.def)             Requested size: 350.33727pt x 210.19958pt.
</Users/olivia/Documents/Fall 2024/MCB 580/MCB580_Challenge2/report/negative_basic_explore_1.pdf, id=106, 963.6pt x 542.025pt>
File: /Users/olivia/Documents/Fall 2024/MCB 580/MCB580_Challenge2/report/negative_basic_explore_1.pdf Graphic file (type pdf)
<use /Users/olivia/Documents/Fall 2024/MCB 580/MCB580_Challenge2/report/negative_basic_explore_1.pdf>
Package pdftex.def Info: /Users/olivia/Documents/Fall 2024/MCB 580/MCB580_Challenge2/report/negative_basic_explore_1.pdf  used on input line 260.
(pdftex.def)             Requested size: 350.33727pt x 197.06416pt.
 [7 </Users/olivia/Documents/Fall 2024/MCB 580/MCB580_Challenge2/results/negative_basic_model.pdf> </Users/olivia/Documents/Fall 2024/MCB 580/MCB580_Challenge2/results/negative_add_D_model.pdf>]
</Users/olivia/Documents/Fall 2024/MCB 580/MCB580_Challenge2/report/negative_plus_D_explore.pdf, id=192, 963.6pt x 542.025pt>
File: /Users/olivia/Documents/Fall 2024/MCB 580/MCB580_Challenge2/report/negative_plus_D_explore.pdf Graphic file (type pdf)
<use /Users/olivia/Documents/Fall 2024/MCB 580/MCB580_Challenge2/report/negative_plus_D_explore.pdf>
Package pdftex.def Info: /Users/olivia/Documents/Fall 2024/MCB 580/MCB580_Challenge2/report/negative_plus_D_explore.pdf  used on input line 267.
(pdftex.def)             Requested size: 350.33727pt x 197.06416pt.

! Undefined control sequence.
l.287 ...D} model behaves adaptively with \texitit
                                                  {kbc} from 5 to 100, showi...
? 
[8 </Users/olivia/Documents/Fall 2024/MCB 580/MCB580_Challenge2/report/negative_basic_explore_1.pdf> </Users/olivia/Documents/Fall 2024/MCB 580/MCB580_Challenge2/report/negative_plus_D_explore.pdf>]
File: /Users/olivia/Documents/Fall 2024/MCB 580/MCB580_Challenge2/report/negative_basic_explore_1.pdf Graphic file (type pdf)
<use /Users/olivia/Documents/Fall 2024/MCB 580/MCB580_Challenge2/report/negative_basic_explore_1.pdf>
Package pdftex.def Info: /Users/olivia/Documents/Fall 2024/MCB 580/MCB580_Challenge2/report/negative_basic_explore_1.pdf  used on input line 313.
(pdftex.def)             Requested size: 350.33727pt x 197.06416pt.
File: /Users/olivia/Documents/Fall 2024/MCB 580/MCB580_Challenge2/report/negative_plus_D_explore.pdf Graphic file (type pdf)
<use /Users/olivia/Documents/Fall 2024/MCB 580/MCB580_Challenge2/report/negative_plus_D_explore.pdf>
Package pdftex.def Info: /Users/olivia/Documents/Fall 2024/MCB 580/MCB580_Challenge2/report/negative_plus_D_explore.pdf  used on input line 320.
(pdftex.def)             Requested size: 350.33727pt x 197.06416pt.
 [9]
File: /Users/olivia/Documents/Fall 2024/MCB 580/MCB580_Challenge2/report/negative_plus_D_explore.pdf Graphic file (type pdf)
<use /Users/olivia/Documents/Fall 2024/MCB 580/MCB580_Challenge2/report/negative_plus_D_explore.pdf>
Package pdftex.def Info: /Users/olivia/Documents/Fall 2024/MCB 580/MCB580_Challenge2/report/negative_plus_D_explore.pdf  used on input line 327.
(pdftex.def)             Requested size: 350.33727pt x 197.06416pt.
 [10]
! Misplaced alignment tab character &.
l.341 ... Trusina, A., El-Samad, H., Lim, W. A., &
                                                   Tang, C. (2009). Defining...
? 
! Misplaced alignment tab character &.
l.344 Alon, U., Surette, M., Barkai, N., &
                                           Leibler, S. (1999). Robustness in...
? 
! Misplaced alignment tab character &.
l.347 Wong, H. S., &
                     Germain, R. N. (2018). Robust control of the adaptive i...
? 
! Misplaced alignment tab character &.
l.350 ...ao, P., Raineri, E., Garriga-Canut, M., &
                                                   Serrano, L. (2008). Evolv...
? 
[11] (./main.aux)
 ***********
LaTeX2e <2023-06-01> patch level 1
L3 programming layer <2023-10-10>
 ***********


LaTeX Warning: There were multiply-defined labels.

Package rerunfilecheck Info: File `main.out' has not changed.
(rerunfilecheck)             Checksum: B78D9D2EF2E6E6A42B10B5CBF6888274;2208.
 ) 
Here is how much of TeX's memory you used:
 8878 strings out of 476464
 144423 string characters out of 5801127
 1936040 words of memory out of 5000000
 30465 multiletter control sequences out of 15000+600000
 563819 words of font info for 53 fonts, out of 8000000 for 9000
 14 hyphenation exceptions out of 8191
 75i,10n,79p,1774b,502s stack positions out of 10000i,1000n,20000p,200000b,200000s
 </Users/olivia/Library/TinyTeX/texmf-var/fonts/pk/ljfour/jknappen/ec/ecrm1000.600pk> </Users/olivia/Library/TinyTeX/texmf-var/fonts/pk/ljfour/jknappen/ec/tcrm1000.600pk></Users/olivia/Library/TinyTeX/texmf-dist/fonts/type1/public/amsfonts/cm/cmbx12.pfb></Users/olivia/Library/TinyTeX/texmf-dist/fonts/type1/public/amsfonts/cm/cmbxti10.pfb></Users/olivia/Library/TinyTeX/texmf-dist/fonts/type1/public/amsfonts/cm/cmmi10.pfb></Users/olivia/Library/TinyTeX/texmf-dist/fonts/type1/public/amsfonts/cm/cmmi7.pfb></Users/olivia/Library/TinyTeX/texmf-dist/fonts/type1/public/amsfonts/cm/cmr10.pfb></Users/olivia/Library/TinyTeX/texmf-dist/fonts/type1/public/amsfonts/cm/cmr12.pfb></Users/olivia/Library/TinyTeX/texmf-dist/fonts/type1/public/amsfonts/cm/cmr17.pfb></Users/olivia/Library/TinyTeX/texmf-dist/fonts/type1/public/amsfonts/cm/cmr7.pfb></Users/olivia/Library/TinyTeX/texmf-dist/fonts/type1/public/amsfonts/cm/cmsy10.pfb></Users/olivia/Library/TinyTeX/texmf-dist/fonts/type1/public/amsfonts/cm/cmsy7.pfb></Users/olivia/Library/TinyTeX/texmf-dist/fonts/type1/public/amsfonts/cm/cmti10.pfb>
Output written on main.pdf (11 pages, 915765 bytes).
PDF statistics:
 312 PDF objects out of 1000 (max. 8388607)
 184 compressed objects within 2 object streams
 41 named destinations out of 1000 (max. 500000)
 121 words of extra memory for PDF output out of 10000 (max. 10000000)

